<?xml version="1.0" encoding="UTF-8"?>
<testsuite xmlns:xsi="http://www.w3.org/2001/XMLSchema-instance" xsi:noNamespaceSchemaLocation="https://maven.apache.org/surefire/maven-surefire-plugin/xsd/surefire-test-report-3.0.xsd" version="3.0" name="TestSuite" time="10.783" tests="1" errors="0" skipped="0" failures="0">
  <properties>
[...]
</properties>
  <testcase name="AutoTest" classname="SeleniumTaskPOM" time="6.074">
    <system-out><![CDATA[...
... TestNG 6.9.8 by Cédric Beust (cedric@beust.com)
...

Setting up
E:\Intellij IDEA\simple_POM_task\src\main\resources\image.jpg
image.jpg
rgba(0, 0, 0, 1)
(475, 332)
Iuvaret0 Apeirian0 Adipisci0 Definiebas0 Consequuntur0 Phaedrum0 edit delete
]]></system-out>
    <system-err><![CDATA[Starting ChromeDriver 88.0.4324.96 (68dba2d8a0b149a1d3afac56fa74648032bcf46b-refs/branch-heads/4324@{#1784}) on port 12868
Only local connections are allowed.
Please see https://chromedriver.chromium.org/security-considerations for suggestions on keeping ChromeDriver safe.
ChromeDriver was started successfully.
Feb 03, 2021 3:12:27 AM org.openqa.selenium.remote.ProtocolHandshake createSession
INFO: Detected dialect: W3C
]]></system-err>
  </testcase>
</testsuite>